{
  "0 debug pnpm:scope": {
    "selected": 1
  },
  "1 error pnpm": {
    "message": {
      "errno": 2,
      "code": "ELIFECYCLE",
      "pkgid": "appsass-core@0.0.1",
      "stage": "prisma:save",
      "script": "make -s prisma-save",
      "pkgname": "appsass-core"
    },
    "err": {
      "name": "Error",
      "message": "appsass-core@0.0.1 prisma:save: `make -s prisma-save`\nExit status 2",
      "code": "ELIFECYCLE",
      "stack": "Error: appsass-core@0.0.1 prisma:save: `make -s prisma-save`\nExit status 2\n    at EventEmitter.<anonymous> (/home/codejamninja/.nvm/versions/node/v12.16.3/lib/node_modules/pnpm/lib/node_modules/@zkochan/npm-lifecycle/index.js:302:16)\n    at EventEmitter.emit (events.js:310:20)\n    at ChildProcess.<anonymous> (/home/codejamninja/.nvm/versions/node/v12.16.3/lib/node_modules/pnpm/lib/node_modules/@zkochan/npm-lifecycle/lib/spawn.js:55:14)\n    at ChildProcess.emit (events.js:310:20)\n    at maybeClose (internal/child_process.js:1021:16)\n    at Process.ChildProcess._handle.onexit (internal/child_process.js:286:5)"
    }
  }
}